#
# A fatal error has been detected by the Java Runtime Environment:
#
#  EXCEPTION_ACCESS_VIOLATION (0xc0000005) at pc=0x00007ffad5621be1, pid=12864, tid=16040
#
# JRE version:  (17.0.6+10) (build )
# Java VM: OpenJDK 64-Bit Server VM (17.0.6+10, mixed mode, sharing, tiered, unknown gc, windows-amd64)
# Problematic frame:
# C  [jimage.dll+0x1be1]
#
# No core dump will be written. Minidumps are not enabled by default on client versions of Windows
#
#

---------------  S U M M A R Y ------------

Command Line: 

Host: 11th Gen Intel(R) Core(TM) i7-11700F @ 2.50GHz, 16 cores, 15G,  Windows 11 , 64 bit Build 22621 (10.0.22621.1194)
Time: Thu Mar  2 09:52:37 2023 Paris, Madrid elapsed time: 0.022443 seconds (0d 0h 0m 0s)

---------------  T H R E A D  ---------------

Current thread is native thread

Stack: [0x00000093ee200000,0x00000093ee300000],  sp=0x00000093ee2fd3b0,  free space=1012k
Native frames: (J=compiled Java code, j=interpreted, Vv=VM code, C=native code)
C  [jimage.dll+0x1be1]
C  [jimage.dll+0x1d6f]
C  [jimage.dll+0x264d]
V  [jvm.dll+0x1f176a]
V  [jvm.dll+0xb00ce]
V  [jvm.dll+0x7e516c]
V  [jvm.dll+0x3eb35f]
V  [jvm.dll+0x3ecea1]
C  [jli.dll+0x5267]
C  [ucrtbase.dll+0x29363]
C  [KERNEL32.DLL+0x126bd]
C  [ntdll.dll+0x5dfb8]


siginfo: EXCEPTION_ACCESS_VIOLATION (0xc0000005), reading address 0x0000000000015864


Registers:
RAX=0x0000000000005612, RBX=0x00000093ee2fd4a1, RCX=0x00007ffad5626000, RDX=0x0000000000005612
RSP=0x00000093ee2fd3b0, RBP=0x00000093ee2fd4a0, RSI=0x0000000000007301, RDI=0x00000093ee2fd4a0
R8 =0x00007ffad5624288, R9 =0x000000000000001c, R10=0x00007ffa65296900, R11=0x00007ffad5626000
R12=0x0000000000000001, R13=0x0000021733301700, R14=0x00000093ee2fe510, R15=0x00007ffa652969a8
RIP=0x00007ffad5621be1, EFLAGS=0x0000000000010246

Top of Stack: (sp=0x00000093ee2fd3b0)
0x00000093ee2fd3b0:   0000021733090b3c 000000005e00045a
0x00000093ee2fd3c0:   0000021733090b54 0000021733090b10
0x00000093ee2fd3d0:   000002173330e7f0 00007ffad5621d6f
0x00000093ee2fd3e0:   000000000000000b 000002173330e7f0
0x00000093ee2fd3f0:   00000000000006f5 00000000000006f5
0x00000093ee2fd400:   00000000000006f5 00007ffadbbd490a
0x00000093ee2fd410:   00000217332f3050 000002175e00045a
0x00000093ee2fd420:   00000217332f0000 000000935e00045a
0x00000093ee2fd430:   00000000000006f5 0000021735500080
0x00000093ee2fd440:   0000489f3a2f4210 00000217332f0150
0x00000093ee2fd450:   00007ffa652754a0 0000000000000017
0x00000093ee2fd460:   000002173330e7f0 00000093ee2fe510
0x00000093ee2fd470:   000000000000000b 00007ffad562264d
0x00000093ee2fd480:   00000217332f0000 00007ffa5e00045a
0x00000093ee2fd490:   000000000000075e 000002173551d9f0
0x00000093ee2fd4a0:   61622e6176616a2f 692f6b646a2f6573 

Instructions: (pc=0x00007ffad5621be1)
0x00007ffad5621ae1:   48 85 c9 74 1d 80 3d 23 45 00 00 00 74 06 48 8b
0x00007ffad5621af1:   53 18 eb 04 48 8b 53 40 e8 ae 0e 00 00 48 83 63
0x00007ffad5621b01:   48 00 8b 4b 0c 83 f9 ff 74 09 e8 e4 0c 00 00 83
0x00007ffad5621b11:   4b 0c ff 48 8b 4b 70 48 85 c9 74 0f ba 10 00 00
0x00007ffad5621b21:   00 e8 fd 0e 00 00 48 83 63 70 00 48 83 c4 20 5b
0x00007ffad5621b31:   c3 cc cc 40 53 48 83 ec 20 48 8b d9 48 8d 0d dc
0x00007ffad5621b41:   46 00 00 e8 b3 0c 00 00 83 6b 08 01 75 24 48 8b
0x00007ffad5621b51:   d3 48 8d 0d bf 44 00 00 e8 22 08 00 00 48 8b cb
0x00007ffad5621b61:   e8 de fe ff ff ba 78 00 00 00 48 8b cb e8 b1 0e
0x00007ffad5621b71:   00 00 48 8d 0d a6 46 00 00 48 83 c4 20 5b e9 80
0x00007ffad5621b81:   0c 00 00 48 89 5c 24 08 48 89 74 24 10 57 48 83
0x00007ffad5621b91:   ec 20 41 8b f1 4d 8b c8 48 8b fa 4c 8b d9 4d 85
0x00007ffad5621ba1:   c0 74 78 85 f6 74 74 44 8a 12 48 8d 5a 01 48 8b
0x00007ffad5621bb1:   d3 b8 93 01 00 01 eb 12 69 c0 93 01 00 01 41 0f
0x00007ffad5621bc1:   b6 ca 44 8a 12 33 c1 48 ff c2 45 84 d2 75 e9 4d
0x00007ffad5621bd1:   8b 03 0f ba f0 1f 33 d2 49 8b cb f7 f6 48 63 c2
0x00007ffad5621be1:   41 8b 14 81 41 ff 50 08 85 c0 7e 24 8a 0f eb 10
0x00007ffad5621bf1:   69 c0 93 01 00 01 0f b6 c9 33 c1 8a 0b 48 ff c3
0x00007ffad5621c01:   84 c9 75 ec 0f ba f0 1f 33 d2 f7 f6 8b c2 eb 0e
0x00007ffad5621c11:   79 09 83 c9 ff 2b c8 8b c1 eb 03 83 c8 ff 48 8b
0x00007ffad5621c21:   5c 24 30 48 8b 74 24 38 48 83 c4 20 5f c3 cc 48
0x00007ffad5621c31:   89 5c 24 08 48 89 74 24 10 57 48 83 ec 20 48 8b
0x00007ffad5621c41:   f1 48 8d 0d d7 45 00 00 e8 ae 0b 00 00 33 ff 39
0x00007ffad5621c51:   3d c2 43 00 00 76 24 48 8b 05 c1 43 00 00 48 8b
0x00007ffad5621c61:   d6 48 8b 1c f8 48 8b 0b e8 72 1e 00 00 85 c0 74
0x00007ffad5621c71:   2b ff c7 3b 3d 9e 43 00 00 72 dc 33 db 48 8d 0d
0x00007ffad5621c81:   9b 45 00 00 e8 7a 0b 00 00 48 8b 74 24 38 48 8b
0x00007ffad5621c91:   c3 48 8b 5c 24 30 48 83 c4 20 5f c3 ff 43 08 eb
0x00007ffad5621ca1:   dc cc cc 48 89 5c 24 08 48 89 74 24 10 57 48 83
0x00007ffad5621cb1:   ec 20 48 8b d9 48 8b f2 48 8b 49 10 49 8b f8 8b
0x00007ffad5621cc1:   53 30 48 8b 01 ff 50 20 4c 8b 43 50 48 8b d6 48
0x00007ffad5621cd1:   8b 4b 10 44 8b c8 e8 a8 fe ff ff 83 f8 ff 74 38 



---------------  P R O C E S S  ---------------

VM state: not at safepoint (not fully initialized)

VM Mutex/Monitor currently owned by a thread: None

GC Precious Log:
<Not initialized>


Dynamic libraries:
0x00007ff64b2c0000 - 0x00007ff64b2ce000 	C:\Users\user\.jdks\temurin-17.0.6\bin\java.exe
0x00007ffadbb90000 - 0x00007ffadbda4000 	C:\WINDOWS\SYSTEM32\ntdll.dll
0x00007ffada510000 - 0x00007ffada5d3000 	C:\WINDOWS\System32\KERNEL32.DLL
0x00007ffad9580000 - 0x00007ffad991c000 	C:\WINDOWS\System32\KERNELBASE.dll
0x00007ffad93c0000 - 0x00007ffad94d1000 	C:\WINDOWS\System32\ucrtbase.dll
0x00007ffaccdf0000 - 0x00007ffacce09000 	C:\Users\user\.jdks\temurin-17.0.6\bin\VCRUNTIME140.dll
0x00007ffacc3e0000 - 0x00007ffacc3f7000 	C:\Users\user\.jdks\temurin-17.0.6\bin\jli.dll
0x00007ffad9c40000 - 0x00007ffad9ded000 	C:\WINDOWS\System32\USER32.dll
0x00007ffabfb20000 - 0x00007ffabfdae000 	C:\WINDOWS\WinSxS\amd64_microsoft.windows.common-controls_6595b64144ccf1df_6.0.22621.608_none_a9444ca7c10bb01d\COMCTL32.dll
0x00007ffad90f0000 - 0x00007ffad9116000 	C:\WINDOWS\System32\win32u.dll
0x00007ffadb8f0000 - 0x00007ffadb919000 	C:\WINDOWS\System32\GDI32.dll
0x00007ffada460000 - 0x00007ffada507000 	C:\WINDOWS\System32\msvcrt.dll
0x00007ffad8fd0000 - 0x00007ffad90e2000 	C:\WINDOWS\System32\gdi32full.dll
0x00007ffad94e0000 - 0x00007ffad957a000 	C:\WINDOWS\System32\msvcp_win.dll
0x00007ffadadc0000 - 0x00007ffadadf2000 	C:\WINDOWS\System32\IMM32.DLL
0x00007ffad5ec0000 - 0x00007ffad5ecc000 	C:\Users\user\.jdks\temurin-17.0.6\bin\vcruntime140_1.dll
0x00007ffac14f0000 - 0x00007ffac1581000 	C:\Users\user\.jdks\temurin-17.0.6\bin\msvcp140.dll
0x00007ffa64960000 - 0x00007ffa655a7000 	C:\Users\user\.jdks\temurin-17.0.6\bin\server\jvm.dll
0x00007ffadb820000 - 0x00007ffadb8ce000 	C:\WINDOWS\System32\ADVAPI32.dll
0x00007ffad9fc0000 - 0x00007ffada064000 	C:\WINDOWS\System32\sechost.dll
0x00007ffad9b20000 - 0x00007ffad9c35000 	C:\WINDOWS\System32\RPCRT4.dll
0x00007ffad0b90000 - 0x00007ffad0bc4000 	C:\WINDOWS\SYSTEM32\WINMM.dll
0x00007ffab6a00000 - 0x00007ffab6a09000 	C:\WINDOWS\SYSTEM32\WSOCK32.dll
0x00007ffad1ec0000 - 0x00007ffad1eca000 	C:\WINDOWS\SYSTEM32\VERSION.dll
0x00007ffadac40000 - 0x00007ffadacb1000 	C:\WINDOWS\System32\WS2_32.dll
0x00007ffad8020000 - 0x00007ffad8038000 	C:\WINDOWS\SYSTEM32\kernel.appcore.dll
0x00007ffad5620000 - 0x00007ffad562a000 	C:\Users\user\.jdks\temurin-17.0.6\bin\jimage.dll
0x00007ffad66b0000 - 0x00007ffad68de000 	C:\WINDOWS\SYSTEM32\DBGHELP.DLL
0x00007ffada070000 - 0x00007ffada3fa000 	C:\WINDOWS\System32\combase.dll
0x00007ffadacc0000 - 0x00007ffadad97000 	C:\WINDOWS\System32\OLEAUT32.dll
0x00007ffabf760000 - 0x00007ffabf792000 	C:\WINDOWS\SYSTEM32\dbgcore.DLL
0x00007ffad9920000 - 0x00007ffad999b000 	C:\WINDOWS\System32\bcryptPrimitives.dll

dbghelp: loaded successfully - version: 4.0.5 - missing functions: none
symbol engine: initialized successfully - sym options: 0x614 - pdb path: .;C:\Users\user\.jdks\temurin-17.0.6\bin;C:\WINDOWS\SYSTEM32;C:\WINDOWS\WinSxS\amd64_microsoft.windows.common-controls_6595b64144ccf1df_6.0.22621.608_none_a9444ca7c10bb01d;C:\Users\user\.jdks\temurin-17.0.6\bin\server

VM Arguments:
java_command: <unknown>
java_class_path (initial): <not set>
Launcher Type: SUN_STANDARD

[Global flags]
     bool UseLargePagesIndividualAllocation        = false                                  {pd product} {ergonomic}

Logging:
Log output configuration:
 #0: stdout all=warning uptime,level,tags
 #1: stderr all=off uptime,level,tags

Environment Variables:
PATH=C:\Windows\system32;C:\Windows;C:\Windows\System32\Wbem;C:\Windows\System32\WindowsPowerShell\v1.0\;C:\Windows\System32\OpenSSH\;C:\Program Files (x86)\NVIDIA Corporation\PhysX\Common;C:\Program Files\NVIDIA Corporation\NVIDIA NvDLISR;C:\WINDOWS\system32;C:\WINDOWS;C:\WINDOWS\System32\Wbem;C:\WINDOWS\System32\WindowsPowerShell\v1.0\;C:\WINDOWS\System32\OpenSSH\;C:\Program Files\Git\cmd;C:\Program Files\MySQL\MySQL Shell 8.0\bin\;C:\Users\user\AppData\Local\Microsoft\WindowsApps;
USERNAME=user
OS=Windows_NT
PROCESSOR_IDENTIFIER=Intel64 Family 6 Model 167 Stepping 1, GenuineIntel
TMP=C:\Users\user\AppData\Local\Temp
TEMP=C:\Users\user\AppData\Local\Temp



---------------  S Y S T E M  ---------------

OS:
 Windows 11 , 64 bit Build 22621 (10.0.22621.1194)
OS uptime: 0 days 20:00 hours

CPU: total 16 (initial active 0) 

Memory: 4k page, system-wide physical 16235M (6887M free)
TotalPageFile size 18667M (AvailPageFile size 6345M)
current process WorkingSet (physical memory assigned to process): 9M, peak: 9M
current process commit charge ("private bytes"): 3M, peak: 3M

vm_info: OpenJDK 64-Bit Server VM (17.0.6+10) for windows-amd64 JRE (17.0.6+10), built on Jan 18 2023 10:08:59 by "temurin" with MS VC++ 16.7 (VS2019)

END.
